# JRE version: Java(TM) SE Runtime Environment (8.0_291-b10) (build 1.8.0_291-b10)
# Java VM: Java HotSpot(TM) 64-Bit Server VM (25.291-b10 mixed mode windows-amd64 compressed oops)
Heap:
 PSYoungGen      total 284672K, used 722K [0x00000000eab00000, 0x00000000fd600000, 0x0000000100000000)
  eden space 263168K, 0% used [0x00000000eab00000,0x00000000eabb4b30,0x00000000fac00000)
  from space 21504K, 0% used [0x00000000fc100000,0x00000000fc100000,0x00000000fd600000)
  to   space 21504K, 0% used [0x00000000fac00000,0x00000000fac00000,0x00000000fc100000)
 ParOldGen       total 349696K, used 71473K [0x00000000c0000000, 0x00000000d5580000, 0x00000000eab00000)
  object space 349696K, 20% used [0x00000000c0000000,0x00000000c45cc790,0x00000000d5580000)
 Metaspace       used 13778K, capacity 14436K, committed 14592K, reserved 1060864K
  class space    used 2045K, capacity 2205K, committed 2304K, reserved 1048576K
GC Heap History (10 events):
Event: 2148.869 GC heap before
{Heap before GC invocations=45 (full 21):
 PSYoungGen      total 284672K, used 128K [0x00000000eab00000, 0x00000000fd600000, 0x0000000100000000)
  eden space 263168K, 0% used [0x00000000eab00000,0x00000000eab00000,0x00000000fac00000)
  from space 21504K, 0% used [0x00000000fc100000,0x00000000fc120000,0x00000000fd600000)
  to   space 21504K, 0% used [0x00000000fac00000,0x00000000fac00000,0x00000000fc100000)
 ParOldGen       total 349696K, used 71468K [0x00000000c0000000, 0x00000000d5580000, 0x00000000eab00000)
  object space 349696K, 20% used [0x00000000c0000000,0x00000000c45cb230,0x00000000d5580000)
 Metaspace       used 13745K, capacity 14368K, committed 14592K, reserved 1060864K
  class space    used 2045K, capacity 2205K, committed 2304K, reserved 1048576K
Event: 2148.927 GC heap after
Heap after GC invocations=45 (full 21):
 PSYoungGen      total 284672K, used 0K [0x00000000eab00000, 0x00000000fd600000, 0x0000000100000000)
  eden space 263168K, 0% used [0x00000000eab00000,0x00000000eab00000,0x00000000fac00000)
  from space 21504K, 0% used [0x00000000fc100000,0x00000000fc100000,0x00000000fd600000)
  to   space 21504K, 0% used [0x00000000fac00000,0x00000000fac00000,0x00000000fc100000)
 ParOldGen       total 349696K, used 71473K [0x00000000c0000000, 0x00000000d5580000, 0x00000000eab00000)
  object space 349696K, 20% used [0x00000000c0000000,0x00000000c45cc6f8,0x00000000d5580000)
 Metaspace       used 13745K, capacity 14368K, committed 14592K, reserved 1060864K
  class space    used 2045K, capacity 2205K, committed 2304K, reserved 1048576K
}
Event: 2149.179 GC heap before
{Heap before GC invocations=46 (full 21):
 PSYoungGen      total 284672K, used 722K [0x00000000eab00000, 0x00000000fd600000, 0x0000000100000000)
  eden space 263168K, 0% used [0x00000000eab00000,0x00000000eabb4b30,0x00000000fac00000)
  from space 21504K, 0% used [0x00000000fc100000,0x00000000fc100000,0x00000000fd600000)
  to   space 21504K, 0% used [0x00000000fac00000,0x00000000fac00000,0x00000000fc100000)
 ParOldGen       total 349696K, used 71473K [0x00000000c0000000, 0x00000000d5580000, 0x00000000eab00000)
  object space 349696K, 20% used [0x00000000c0000000,0x00000000c45cc6f8,0x00000000d5580000)
 Metaspace       used 13745K, capacity 14368K, committed 14592K, reserved 1060864K
  class space    used 2045K, capacity 2205K, committed 2304K, reserved 1048576K
Event: 2149.179 GC heap after
Heap after GC invocations=46 (full 21):
 PSYoungGen      total 284672K, used 64K [0x00000000eab00000, 0x00000000fd600000, 0x0000000100000000)
  eden space 263168K, 0% used [0x00000000eab00000,0x00000000eab00000,0x00000000fac00000)
  from space 21504K, 0% used [0x00000000fac00000,0x00000000fac10000,0x00000000fc100000)
  to   space 21504K, 0% used [0x00000000fc100000,0x00000000fc100000,0x00000000fd600000)
 ParOldGen       total 349696K, used 71473K [0x00000000c0000000, 0x00000000d5580000, 0x00000000eab00000)
  object space 349696K, 20% used [0x00000000c0000000,0x00000000c45cc6f8,0x00000000d5580000)
 Metaspace       used 13745K, capacity 14368K, committed 14592K, reserved 1060864K
  class space    used 2045K, capacity 2205K, committed 2304K, reserved 1048576K
}
Event: 2149.179 GC heap before
{Heap before GC invocations=47 (full 22):
 PSYoungGen      total 284672K, used 64K [0x00000000eab00000, 0x00000000fd600000, 0x0000000100000000)
  eden space 263168K, 0% used [0x00000000eab00000,0x00000000eab00000,0x00000000fac00000)
  from space 21504K, 0% used [0x00000000fac00000,0x00000000fac10000,0x00000000fc100000)
  to   space 21504K, 0% used [0x00000000fc100000,0x00000000fc100000,0x00000000fd600000)
 ParOldGen       total 349696K, used 71473K [0x00000000c0000000, 0x00000000d5580000, 0x00000000eab00000)
  object space 349696K, 20% used [0x00000000c0000000,0x00000000c45cc6f8,0x00000000d5580000)
 Metaspace       used 13745K, capacity 14368K, committed 14592K, reserved 1060864K
  class space    used 2045K, capacity 2205K, committed 2304K, reserved 1048576K
Event: 2149.247 GC heap after
Heap after GC invocations=47 (full 22):
 PSYoungGen      total 284672K, used 0K [0x00000000eab00000, 0x00000000fd600000, 0x0000000100000000)
  eden space 263168K, 0% used [0x00000000eab00000,0x00000000eab00000,0x00000000fac00000)
  from space 21504K, 0% used [0x00000000fac00000,0x00000000fac00000,0x00000000fc100000)
  to   space 21504K, 0% used [0x00000000fc100000,0x00000000fc100000,0x00000000fd600000)
 ParOldGen       total 349696K, used 71473K [0x00000000c0000000, 0x00000000d5580000, 0x00000000eab00000)
  object space 349696K, 20% used [0x00000000c0000000,0x00000000c45cc6f8,0x00000000d5580000)
 Metaspace       used 13745K, capacity 14368K, committed 14592K, reserved 1060864K
  class space    used 2045K, capacity 2205K, committed 2304K, reserved 1048576K
}
Event: 2548.137 GC heap before
{Heap before GC invocations=48 (full 22):
 PSYoungGen      total 284672K, used 7005K [0x00000000eab00000, 0x00000000fd600000, 0x0000000100000000)
  eden space 263168K, 2% used [0x00000000eab00000,0x00000000eb1d77b0,0x00000000fac00000)
  from space 21504K, 0% used [0x00000000fac00000,0x00000000fac00000,0x00000000fc100000)
  to   space 21504K, 0% used [0x00000000fc100000,0x00000000fc100000,0x00000000fd600000)
 ParOldGen       total 349696K, used 71473K [0x00000000c0000000, 0x00000000d5580000, 0x00000000eab00000)
  object space 349696K, 20% used [0x00000000c0000000,0x00000000c45cc6f8,0x00000000d5580000)
 Metaspace       used 13778K, capacity 14436K, committed 14592K, reserved 1060864K
  class space    used 2045K, capacity 2205K, committed 2304K, reserved 1048576K
Event: 2548.138 GC heap after
Heap after GC invocations=48 (full 22):
 PSYoungGen      total 284672K, used 96K [0x00000000eab00000, 0x00000000fd600000, 0x0000000100000000)
  eden space 263168K, 0% used [0x00000000eab00000,0x00000000eab00000,0x00000000fac00000)
  from space 21504K, 0% used [0x00000000fc100000,0x00000000fc118000,0x00000000fd600000)
  to   space 21504K, 0% used [0x00000000fac00000,0x00000000fac00000,0x00000000fc100000)
 ParOldGen       total 349696K, used 71481K [0x00000000c0000000, 0x00000000d5580000, 0x00000000eab00000)
  object space 349696K, 20% used [0x00000000c0000000,0x00000000c45ce6f8,0x00000000d5580000)
 Metaspace       used 13778K, capacity 14436K, committed 14592K, reserved 1060864K
  class space    used 2045K, capacity 2205K, committed 2304K, reserved 1048576K
}
Event: 2548.138 GC heap before
{Heap before GC invocations=49 (full 23):
 PSYoungGen      total 284672K, used 96K [0x00000000eab00000, 0x00000000fd600000, 0x0000000100000000)
  eden space 263168K, 0% used [0x00000000eab00000,0x00000000eab00000,0x00000000fac00000)
  from space 21504K, 0% used [0x00000000fc100000,0x00000000fc118000,0x00000000fd600000)
  to   space 21504K, 0% used [0x00000000fac00000,0x00000000fac00000,0x00000000fc100000)
 ParOldGen       total 349696K, used 71481K [0x00000000c0000000, 0x00000000d5580000, 0x00000000eab00000)
  object space 349696K, 20% used [0x00000000c0000000,0x00000000c45ce6f8,0x00000000d5580000)
 Metaspace       used 13778K, capacity 14436K, committed 14592K, reserved 1060864K
  class space    used 2045K, capacity 2205K, committed 2304K, reserved 1048576K
Event: 2548.197 GC heap after
Heap after GC invocations=49 (full 23):
 PSYoungGen      total 284672K, used 0K [0x00000000eab00000, 0x00000000fd600000, 0x0000000100000000)
  eden space 263168K, 0% used [0x00000000eab00000,0x00000000eab00000,0x00000000fac00000)
  from space 21504K, 0% used [0x00000000fc100000,0x00000000fc100000,0x00000000fd600000)
  to   space 21504K, 0% used [0x00000000fac00000,0x00000000fac00000,0x00000000fc100000)
 ParOldGen       total 349696K, used 71473K [0x00000000c0000000, 0x00000000d5580000, 0x00000000eab00000)
  object space 349696K, 20% used [0x00000000c0000000,0x00000000c45cc790,0x00000000d5580000)
 Metaspace       used 13778K, capacity 14436K, committed 14592K, reserved 1060864K
  class space    used 2045K, capacity 2205K, committed 2304K, reserved 1048576K
}

