# JRE version: Java(TM) SE Runtime Environment (8.0_291-b10) (build 1.8.0_291-b10)
# Java VM: Java HotSpot(TM) 64-Bit Server VM (25.291-b10 mixed mode windows-amd64 compressed oops)
Heap:
 PSYoungGen      total 153088K, used 137870K [0x00000000eab00000, 0x00000000fd600000, 0x0000000100000000)
  eden space 131584K, 88% used [0x00000000eab00000,0x00000000f1ca4e88,0x00000000f2b80000)
  from space 21504K, 99% used [0x00000000f2b80000,0x00000000f407ea88,0x00000000f4080000)
  to   space 21504K, 0% used [0x00000000fc100000,0x00000000fc100000,0x00000000fd600000)
 ParOldGen       total 349696K, used 44252K [0x00000000c0000000, 0x00000000d5580000, 0x00000000eab00000)
  object space 349696K, 12% used [0x00000000c0000000,0x00000000c2b37030,0x00000000d5580000)
 Metaspace       used 13692K, capacity 14316K, committed 14592K, reserved 1060864K
  class space    used 2058K, capacity 2215K, committed 2304K, reserved 1048576K
GC Heap History (10 events):
Event: 572.851 GC heap before
{Heap before GC invocations=19 (full 9):
 PSYoungGen      total 153088K, used 128K [0x00000000eab00000, 0x00000000f5580000, 0x0000000100000000)
  eden space 131584K, 0% used [0x00000000eab00000,0x00000000eab00000,0x00000000f2b80000)
  from space 21504K, 0% used [0x00000000f4080000,0x00000000f40a0000,0x00000000f5580000)
  to   space 21504K, 0% used [0x00000000f2b80000,0x00000000f2b80000,0x00000000f4080000)
 ParOldGen       total 349696K, used 38851K [0x00000000c0000000, 0x00000000d5580000, 0x00000000eab00000)
  object space 349696K, 11% used [0x00000000c0000000,0x00000000c25f0fc8,0x00000000d5580000)
 Metaspace       used 13469K, capacity 14048K, committed 14208K, reserved 1060864K
  class space    used 2012K, capacity 2175K, committed 2176K, reserved 1048576K
Event: 572.926 GC heap after
Heap after GC invocations=19 (full 9):
 PSYoungGen      total 153088K, used 0K [0x00000000eab00000, 0x00000000f5580000, 0x0000000100000000)
  eden space 131584K, 0% used [0x00000000eab00000,0x00000000eab00000,0x00000000f2b80000)
  from space 21504K, 0% used [0x00000000f4080000,0x00000000f4080000,0x00000000f5580000)
  to   space 21504K, 0% used [0x00000000f2b80000,0x00000000f2b80000,0x00000000f4080000)
 ParOldGen       total 349696K, used 38860K [0x00000000c0000000, 0x00000000d5580000, 0x00000000eab00000)
  object space 349696K, 11% used [0x00000000c0000000,0x00000000c25f3028,0x00000000d5580000)
 Metaspace       used 13469K, capacity 14048K, committed 14208K, reserved 1060864K
  class space    used 2012K, capacity 2175K, committed 2176K, reserved 1048576K
}
Event: 573.083 GC heap before
{Heap before GC invocations=20 (full 9):
 PSYoungGen      total 153088K, used 855K [0x00000000eab00000, 0x00000000f5580000, 0x0000000100000000)
  eden space 131584K, 0% used [0x00000000eab00000,0x00000000eabd5d70,0x00000000f2b80000)
  from space 21504K, 0% used [0x00000000f4080000,0x00000000f4080000,0x00000000f5580000)
  to   space 21504K, 0% used [0x00000000f2b80000,0x00000000f2b80000,0x00000000f4080000)
 ParOldGen       total 349696K, used 38860K [0x00000000c0000000, 0x00000000d5580000, 0x00000000eab00000)
  object space 349696K, 11% used [0x00000000c0000000,0x00000000c25f3028,0x00000000d5580000)
 Metaspace       used 13469K, capacity 14048K, committed 14208K, reserved 1060864K
  class space    used 2012K, capacity 2175K, committed 2176K, reserved 1048576K
Event: 573.084 GC heap after
Heap after GC invocations=20 (full 9):
 PSYoungGen      total 153088K, used 64K [0x00000000eab00000, 0x00000000f5580000, 0x0000000100000000)
  eden space 131584K, 0% used [0x00000000eab00000,0x00000000eab00000,0x00000000f2b80000)
  from space 21504K, 0% used [0x00000000f2b80000,0x00000000f2b90000,0x00000000f4080000)
  to   space 21504K, 0% used [0x00000000f4080000,0x00000000f4080000,0x00000000f5580000)
 ParOldGen       total 349696K, used 38860K [0x00000000c0000000, 0x00000000d5580000, 0x00000000eab00000)
  object space 349696K, 11% used [0x00000000c0000000,0x00000000c25f3028,0x00000000d5580000)
 Metaspace       used 13469K, capacity 14048K, committed 14208K, reserved 1060864K
  class space    used 2012K, capacity 2175K, committed 2176K, reserved 1048576K
}
Event: 573.084 GC heap before
{Heap before GC invocations=21 (full 10):
 PSYoungGen      total 153088K, used 64K [0x00000000eab00000, 0x00000000f5580000, 0x0000000100000000)
  eden space 131584K, 0% used [0x00000000eab00000,0x00000000eab00000,0x00000000f2b80000)
  from space 21504K, 0% used [0x00000000f2b80000,0x00000000f2b90000,0x00000000f4080000)
  to   space 21504K, 0% used [0x00000000f4080000,0x00000000f4080000,0x00000000f5580000)
 ParOldGen       total 349696K, used 38860K [0x00000000c0000000, 0x00000000d5580000, 0x00000000eab00000)
  object space 349696K, 11% used [0x00000000c0000000,0x00000000c25f3028,0x00000000d5580000)
 Metaspace       used 13469K, capacity 14048K, committed 14208K, reserved 1060864K
  class space    used 2012K, capacity 2175K, committed 2176K, reserved 1048576K
Event: 573.136 GC heap after
Heap after GC invocations=21 (full 10):
 PSYoungGen      total 153088K, used 0K [0x00000000eab00000, 0x00000000f5580000, 0x0000000100000000)
  eden space 131584K, 0% used [0x00000000eab00000,0x00000000eab00000,0x00000000f2b80000)
  from space 21504K, 0% used [0x00000000f2b80000,0x00000000f2b80000,0x00000000f4080000)
  to   space 21504K, 0% used [0x00000000f4080000,0x00000000f4080000,0x00000000f5580000)
 ParOldGen       total 349696K, used 38860K [0x00000000c0000000, 0x00000000d5580000, 0x00000000eab00000)
  object space 349696K, 11% used [0x00000000c0000000,0x00000000c25f3028,0x00000000d5580000)
 Metaspace       used 13469K, capacity 14048K, committed 14208K, reserved 1060864K
  class space    used 2012K, capacity 2175K, committed 2176K, reserved 1048576K
}
Event: 832.916 GC heap before
{Heap before GC invocations=22 (full 10):
 PSYoungGen      total 153088K, used 131584K [0x00000000eab00000, 0x00000000f5580000, 0x0000000100000000)
  eden space 131584K, 100% used [0x00000000eab00000,0x00000000f2b80000,0x00000000f2b80000)
  from space 21504K, 0% used [0x00000000f2b80000,0x00000000f2b80000,0x00000000f4080000)
  to   space 21504K, 0% used [0x00000000f4080000,0x00000000f4080000,0x00000000f5580000)
 ParOldGen       total 349696K, used 38860K [0x00000000c0000000, 0x00000000d5580000, 0x00000000eab00000)
  object space 349696K, 11% used [0x00000000c0000000,0x00000000c25f3028,0x00000000d5580000)
 Metaspace       used 13665K, capacity 14308K, committed 14592K, reserved 1060864K
  class space    used 2055K, capacity 2212K, committed 2304K, reserved 1048576K
Event: 832.931 GC heap after
Heap after GC invocations=22 (full 10):
 PSYoungGen      total 153088K, used 16288K [0x00000000eab00000, 0x00000000f5580000, 0x0000000100000000)
  eden space 131584K, 0% used [0x00000000eab00000,0x00000000eab00000,0x00000000f2b80000)
  from space 21504K, 75% used [0x00000000f4080000,0x00000000f5068008,0x00000000f5580000)
  to   space 21504K, 0% used [0x00000000f2b80000,0x00000000f2b80000,0x00000000f4080000)
 ParOldGen       total 349696K, used 38868K [0x00000000c0000000, 0x00000000d5580000, 0x00000000eab00000)
  object space 349696K, 11% used [0x00000000c0000000,0x00000000c25f5028,0x00000000d5580000)
 Metaspace       used 13665K, capacity 14308K, committed 14592K, reserved 1060864K
  class space    used 2055K, capacity 2212K, committed 2304K, reserved 1048576K
}
Event: 833.041 GC heap before
{Heap before GC invocations=23 (full 10):
 PSYoungGen      total 153088K, used 147872K [0x00000000eab00000, 0x00000000f5580000, 0x0000000100000000)
  eden space 131584K, 100% used [0x00000000eab00000,0x00000000f2b80000,0x00000000f2b80000)
  from space 21504K, 75% used [0x00000000f4080000,0x00000000f5068008,0x00000000f5580000)
  to   space 21504K, 0% used [0x00000000f2b80000,0x00000000f2b80000,0x00000000f4080000)
 ParOldGen       total 349696K, used 38868K [0x00000000c0000000, 0x00000000d5580000, 0x00000000eab00000)
  object space 349696K, 11% used [0x00000000c0000000,0x00000000c25f5028,0x00000000d5580000)
 Metaspace       used 13691K, capacity 14316K, committed 14592K, reserved 1060864K
  class space    used 2058K, capacity 2215K, committed 2304K, reserved 1048576K
Event: 833.069 GC heap after
Heap after GC invocations=23 (full 10):
 PSYoungGen      total 153088K, used 21498K [0x00000000eab00000, 0x00000000fd600000, 0x0000000100000000)
  eden space 131584K, 0% used [0x00000000eab00000,0x00000000eab00000,0x00000000f2b80000)
  from space 21504K, 99% used [0x00000000f2b80000,0x00000000f407ea88,0x00000000f4080000)
  to   space 21504K, 0% used [0x00000000fc100000,0x00000000fc100000,0x00000000fd600000)
 ParOldGen       total 349696K, used 44252K [0x00000000c0000000, 0x00000000d5580000, 0x00000000eab00000)
  object space 349696K, 12% used [0x00000000c0000000,0x00000000c2b37030,0x00000000d5580000)
 Metaspace       used 13691K, capacity 14316K, committed 14592K, reserved 1060864K
  class space    used 2058K, capacity 2215K, committed 2304K, reserved 1048576K
}

